Start testing: Aug 18 00:27 UTC
----------------------------------------------------------
1/1 Testing: ghostclock_core_tests
1/1 Test: ghostclock_core_tests
Command: "/workspace/build/ghostclock_tests"
Directory: /workspace/build
"ghostclock_core_tests" start time: Aug 18 00:27 UTC
Output:
----------------------------------------------------------
All core tests passed
<end of output>
Test time =   0.00 sec
----------------------------------------------------------
Test Passed.
"ghostclock_core_tests" end time: Aug 18 00:27 UTC
"ghostclock_core_tests" time elapsed: 00:00:00
----------------------------------------------------------

End testing: Aug 18 00:27 UTC
